Arguments: 
  C:\Program Files\nodejs\node.exe C:\Users\flami\AppData\Roaming\npm\node_modules\yarn\bin\yarn.js add bootstrap @next

PATH: 
  C:\Program Files\Common Files\Oracle\Java\javapath;C:\Windows\system32;C:\Windows;C:\Windows\System32\Wbem;C:\Windows\System32\WindowsPowerShell\v1.0\;C:\Windows\System32\OpenSSH\;C:\Program Files (x86)\NVIDIA Corporation\PhysX\Common;C:\Program Files\NVIDIA Corporation\NVIDIA NvDLISR;C:\Program Files\dotnet\;C:\Program Files\Microsoft SQL Server\130\Tools\Binn\;C:\Program Files\Microsoft SQL Server\Client SDK\ODBC\170\Tools\Binn\;C:\WINDOWS\system32;C:\WINDOWS;C:\WINDOWS\System32\Wbem;C:\WINDOWS\System32\WindowsPowerShell\v1.0\;C:\WINDOWS\System32\OpenSSH\;C:\Program Files\Git\cmd;C:\Program Files\nodejs\;C:\Users\flami\AppData\Local\Microsoft\WindowsApps;C:\Users\flami\.dotnet\tools;C:\Users\flami\AppData\Local\atom\bin;C:\Users\flami\AppData\Local\Microsoft\WindowsApps;;C:\Users\flami\AppData\Local\Programs\Microsoft VS Code\bin;C:\Users\flami\AppData\Roaming\npm

Yarn version: 
  1.22.10

Node version: 
  15.5.1

Platform: 
  win32 x64

Trace: 
  Error: https://registry.yarnpkg.com/@next: Request "https://registry.yarnpkg.com/@next" returned a 405
      at Request.params.callback [as _callback] (C:\Users\flami\AppData\Roaming\npm\node_modules\yarn\lib\cli.js:66997:18)
      at Request.self.callback (C:\Users\flami\AppData\Roaming\npm\node_modules\yarn\lib\cli.js:140662:22)
      at Request.emit (node:events:376:20)
      at Request.<anonymous> (C:\Users\flami\AppData\Roaming\npm\node_modules\yarn\lib\cli.js:141634:10)
      at Request.emit (node:events:376:20)
      at IncomingMessage.<anonymous> (C:\Users\flami\AppData\Roaming\npm\node_modules\yarn\lib\cli.js:141556:12)
      at Object.onceWrapper (node:events:482:28)
      at IncomingMessage.emit (node:events:388:22)
      at endReadableNT (node:internal/streams/readable:1305:12)
      at processTicksAndRejections (node:internal/process/task_queues:80:21)

npm manifest: 
  No manifest

yarn manifest: 
  No manifest

Lockfile: 
  No lockfile
